Diffuse Texture of textures\sponza_thorn_diff.png uses 0 th texture
Diffuse Texture of textures\vase_round.png uses 0 th texture
Diffuse Texture of textures\vase_plant.png uses 0 th texture
Diffuse Texture of textures\background.png uses 0 th texture
Diffuse Texture of textures\spnza_bricks_a_diff.png uses 0 th texture
textures\spnza_bricks_a_spec.png
Diffuse Texture of textures\sponza_arch_diff.png uses 0 th texture
Diffuse Texture of textures\sponza_ceiling_a_diff.png uses 0 th texture
Diffuse Texture of textures\sponza_column_a_diff.png uses 0 th texture
Diffuse Texture of textures\sponza_floor_a_diff.png uses 0 th texture
textures\floor_gloss.png
Diffuse Texture of textures\sponza_column_c_diff.png uses 0 th texture
Diffuse Texture of textures\sponza_details_diff.png uses 0 th texture
Diffuse Texture of textures\sponza_column_b_diff.png uses 0 th texture
Diffuse Texture of textures\sponza_flagpole_diff.png uses 0 th texture
Diffuse Texture of textures\sponza_fabric_green_diff.png uses 0 th texture
Diffuse Texture of textures\sponza_fabric_blue_diff.png uses 0 th texture
Diffuse Texture of textures\sponza_fabric_diff.png uses 0 th texture
Diffuse Texture of textures\sponza_curtain_blue_diff.png uses 0 th texture
Diffuse Texture of textures\sponza_curtain_diff.png uses 0 th texture
Diffuse Texture of textures\sponza_curtain_green_diff.png uses 0 th texture
Diffuse Texture of textures\chain_texture.png uses 0 th texture
Diffuse Texture of textures\vase_hanging.png uses 0 th texture
textures\vase_hanging.png
Diffuse Texture of textures\vase_dif.png uses 0 th texture
Diffuse Texture of textures\lion.png uses 0 th texture
Diffuse Texture of textures\sponza_roof_diff.png uses 0 th texture
[ 4][   DISKCACHE]: Cache hit for key: ptx-16668-key18766a70ad3ff03e81f25c8afbac33ba-sm_86-rtc1-drv581.42

[ 4][    COMPILER]: 
[ 4][   DISKCACHE]: Cache hit for key: ptx-7324-keyd3d3626c58505834a44acdfdc02c2d78-sm_86-rtc1-drv581.42

[ 4][    COMPILER]: 
[ 4][   DISKCACHE]: Cache hit for key: ptx-7404-key4aa43e99a2dd3b85fbc54b49b9c0f1ee-sm_86-rtc1-drv581.42

[ 4][    COMPILER]: 
[ 4][   DISKCACHE]: Cache hit for key: ptx-32364-key58a7a405b2d47c765348d2b7283c392c-sm_86-rtc1-drv581.42

[ 4][    COMPILER]: 
[ 4][   DISKCACHE]: Cache hit for key: ptx-3248-keyac074696717a083568b3c487bda99719-sm_86-rtc1-drv581.42

[ 4][    COMPILER]: 
[ 4][   DISKCACHE]: Cache hit for key: ptx-10272-key2053af155086d30ddd3ffd42095b69fe-sm_86-rtc1-drv581.42

[ 4][    COMPILER]: 
[ 4][   DISKCACHE]: Cache hit for key: ptx-4176-keye92571399720646895fad594b8eff7cd-sm_86-rtc1-drv581.42

[ 4][    COMPILER]: 
[ 4][   DISKCACHE]: Cache hit for key: ptx-5660-key7dd2571e51a78a1583b442c45280519a-sm_86-rtc1-drv581.42

[ 4][    COMPILER]: 
[ 4][   DISKCACHE]: Cache hit for key: ptx-13236-keye349ec3b8697a288fc87df077641c184-sm_86-rtc1-drv581.42

[ 4][    COMPILER]: 
[ 4][   DISKCACHE]: Cache hit for key: ptx-6624-keye86c7b5173db6883da2b8739d5f29be3-sm_86-rtc1-drv581.42

[ 4][    COMPILER]: 
[ 4][   DISKCACHE]: Cache hit for key: ptx-21632-key4138457d95b16938853fe77d6b1d93c1-sm_86-rtc1-drv581.42

[ 4][    COMPILER]: 
[ 4][   DISKCACHE]: Cache hit for key: ptx-10208-key165050e59e8aefeff976de5877b571b5-sm_86-rtc1-drv581.42

[ 4][    COMPILER]: 
[ 4][   DISKCACHE]: Cache hit for key: ptx-93-key010b1920bf326255357df2b481a33400-sm_86-rtc1-drv581.42

[ 4][    COMPILER]: 
[ 4][    COMPILER]: Info: Pipeline statistics
	module(s)                            :    12
	entry function(s)                    :    17
	trace call(s)                        :     2
	continuation callable call(s)        :     0
	direct callable call(s)              :     6
	basic block(s) in entry functions    :   122
	instruction(s) in entry functions    :  4684
	non-entry function(s)                :     0
	basic block(s) in non-entry functions:     0
	instruction(s) in non-entry functions:     0
	debug information                    :    no

